INFO: [VRFC 10-2263] Analyzing Verilog file "C:/Users/el_bald/rv32i pipelined/riscv full single cycle implementation.srcs/sources_1/new/alu.v" into library xil_defaultlib
INFO: [VRFC 10-311] analyzing module alu
INFO: [VRFC 10-2263] Analyzing Verilog file "C:/Users/el_bald/rv32i pipelined/riscv full single cycle implementation.srcs/sources_1/new/alu_control_unit.v" into library xil_defaultlib
INFO: [VRFC 10-311] analyzing module alu_control_unit
INFO: [VRFC 10-2263] Analyzing Verilog file "C:/Users/el_bald/rv32i pipelined/riscv full single cycle implementation.srcs/sources_1/new/branching_unit.v" into library xil_defaultlib
INFO: [VRFC 10-311] analyzing module branching_unit
INFO: [VRFC 10-2263] Analyzing Verilog file "C:/Users/el_bald/rv32i pipelined/riscv full single cycle implementation.srcs/sources_1/new/control_unit.v" into library xil_defaultlib
INFO: [VRFC 10-311] analyzing module control_unit
INFO: [VRFC 10-2263] Analyzing Verilog file "C:/Users/el_bald/rv32i pipelined/riscv full single cycle implementation.srcs/sources_1/new/cpu.v" into library xil_defaultlib
INFO: [VRFC 10-311] analyzing module cpu
WARNING: [VRFC 10-2938] 'EX_MEM_flush' is already implicitly declared on line 131 [C:/Users/el_bald/rv32i pipelined/riscv full single cycle implementation.srcs/sources_1/new/cpu.v:310]
INFO: [VRFC 10-2263] Analyzing Verilog file "C:/Users/el_bald/rv32i pipelined/riscv full single cycle implementation.srcs/sources_1/new/dff.v" into library xil_defaultlib
INFO: [VRFC 10-311] analyzing module dff
INFO: [VRFC 10-2263] Analyzing Verilog file "C:/Users/el_bald/rv32i pipelined/riscv full single cycle implementation.srcs/sources_1/new/forwarding_unit.v" into library xil_defaultlib
INFO: [VRFC 10-311] analyzing module forwarding_unit
INFO: [VRFC 10-2263] Analyzing Verilog file "C:/Users/el_bald/rv32i pipelined/riscv full single cycle implementation.srcs/sources_1/new/immediate_generator.v" into library xil_defaultlib
INFO: [VRFC 10-311] analyzing module immediate_generator
INFO: [VRFC 10-2263] Analyzing Verilog file "C:/Users/el_bald/rv32i pipelined/riscv full single cycle implementation.srcs/sources_1/new/left_shifter.v" into library xil_defaultlib
INFO: [VRFC 10-311] analyzing module left_shifter
INFO: [VRFC 10-2263] Analyzing Verilog file "C:/Users/el_bald/rv32i pipelined/riscv full single cycle implementation.srcs/sources_1/new/memory.v" into library xil_defaultlib
INFO: [VRFC 10-311] analyzing module memory
INFO: [VRFC 10-2263] Analyzing Verilog file "C:/Users/el_bald/rv32i pipelined/riscv full single cycle implementation.srcs/sources_1/new/mux.v" into library xil_defaultlib
INFO: [VRFC 10-311] analyzing module mux
INFO: [VRFC 10-2263] Analyzing Verilog file "C:/Users/el_bald/rv32i pipelined/riscv full single cycle implementation.srcs/sources_1/new/register.v" into library xil_defaultlib
INFO: [VRFC 10-311] analyzing module register
INFO: [VRFC 10-2263] Analyzing Verilog file "C:/Users/el_bald/rv32i pipelined/riscv full single cycle implementation.srcs/sources_1/new/register_file.v" into library xil_defaultlib
INFO: [VRFC 10-311] analyzing module register_file
INFO: [VRFC 10-2263] Analyzing Verilog file "C:/Users/el_bald/rv32i pipelined/riscv full single cycle implementation.srcs/sim_1/new/cpu_tb.v" into library xil_defaultlib
INFO: [VRFC 10-311] analyzing module cpu_tb
